Debug Tool Report: Comprehensive Memory Test
Timestamp: 2025-06-24T08:49:41.352604
Tool Path: debug/memory-tests/comprehensive_memory_test.py
Description: Comprehensive memory system testing
Status: FAILED
================================================================================

STDERR:
----------------------------------------
Traceback (most recent call last):
  File "E:\Projects\opt\backend\debug\memory-tests\comprehensive_memory_test.py", line 355, in <module>
    main()
  File "E:\Projects\opt\backend\debug\memory-tests\comprehensive_memory_test.py", line 311, in main
    print("\U0001f9ea COMPREHENSIVE MEMORY PIPELINE TEST")
  File "C:\Users\jdaco\AppData\Local\Programs\Python\Python312\Lib\encodings\cp1252.py", line 19, in encode
    return codecs.charmap_encode(input,self.errors,encoding_table)[0]
           ^^^^^^^^^^^^^^^^^^^^^^^^^^^^^^^^^^^^^^^^^^^^^^^^^^^^^^^
UnicodeEncodeError: 'charmap' codec can't encode character '\U0001f9ea' in position 0: character maps to <undefined>


