{
  "summary": {
    "timestamp": "2025-06-21T19:18:32.813434",
    "total_modules": 4,
    "successful_modules": 0,
    "failed_modules": 4,
    "success_rate": "0.0%",
    "total_duration_minutes": "0.6"
  },
  "module_results": {
    "comprehensive": {
      "module": "comprehensive",
      "description": "Comprehensive Integration Tests",
      "success": false,
      "return_code": 1,
      "duration": "0.49s",
      "stdout": "",
      "stderr": "Traceback (most recent call last):\n  File \"E:\\Projects\\opt\\backend\\demo-test\\comprehensive_test_suite_v2.py\", line 253, in main\n    success = suite.run_all_tests()\n              ^^^^^^^^^^^^^^^^^^^^^\n  File \"E:\\Projects\\opt\\backend\\demo-test\\comprehensive_test_suite_v2.py\", line 199, in run_all_tests\n    print(\"\\U0001f680 Starting Comprehensive Real-Life Simulation Test Suite\")\n  File \"C:\\Users\\jdaco\\AppData\\Local\\Programs\\Python\\Python312\\Lib\\encodings\\cp1252.py\", line 19, in encode\n    return codecs.charmap_encode(input,self.errors,encoding_table)[0]\n           ^^^^^^^^^^^^^^^^^^^^^^^^^^^^^^^^^^^^^^^^^^^^^^^^^^^^^^^\nUnicodeEncodeError: 'charmap' codec can't encode character '\\U0001f680' in position 0: character maps to <undefined>\n\nDuring handling of the above exception, another exception occurred:\n\nTraceback (most recent call last):\n  File \"E:\\Projects\\opt\\backend\\demo-test\\comprehensive_test_suite_v2.py\", line 264, in <module>\n    exit(main())\n         ^^^^^^\n  File \"E:\\Projects\\opt\\backend\\demo-test\\comprehensive_test_suite_v2.py\", line 259, in main\n    print(f\"\\n\\n\\u274c Test suite failed with error: {e}\")\n  File \"C:\\Users\\jdaco\\AppData\\Local\\Programs\\Python\\Python312\\Lib\\encodings\\cp1252.py\", line 19, in encode\n    return codecs.charmap_encode(input,self.errors,encoding_table)[0]\n           ^^^^^^^^^^^^^^^^^^^^^^^^^^^^^^^^^^^^^^^^^^^^^^^^^^^^^^^\nUnicodeEncodeError: 'charmap' codec can't encode character '\\u274c' in position 4: character maps to <undefined>\n",
      "timestamp": "2025-06-21T19:18:01.791794"
    },
    "tools": {
      "module": "tools",
      "description": "AI Tool Integration Tests",
      "success": false,
      "return_code": 1,
      "duration": "0.33s",
      "stdout": "",
      "stderr": "Traceback (most recent call last):\n  File \"E:\\Projects\\opt\\backend\\demo-test\\tool_integration_tests.py\", line 301, in <module>\n    exit(main())\n         ^^^^^^\n  File \"E:\\Projects\\opt\\backend\\demo-test\\tool_integration_tests.py\", line 296, in main\n    success = suite.run_all_tool_tests()\n              ^^^^^^^^^^^^^^^^^^^^^^^^^^\n  File \"E:\\Projects\\opt\\backend\\demo-test\\tool_integration_tests.py\", line 239, in run_all_tool_tests\n    print(\"\\U0001f527 Starting Comprehensive Tool Integration Tests\")\n  File \"C:\\Users\\jdaco\\AppData\\Local\\Programs\\Python\\Python312\\Lib\\encodings\\cp1252.py\", line 19, in encode\n    return codecs.charmap_encode(input,self.errors,encoding_table)[0]\n           ^^^^^^^^^^^^^^^^^^^^^^^^^^^^^^^^^^^^^^^^^^^^^^^^^^^^^^^\nUnicodeEncodeError: 'charmap' codec can't encode character '\\U0001f527' in position 0: character maps to <undefined>\n",
      "timestamp": "2025-06-21T19:18:12.121064"
    },
    "security": {
      "module": "security",
      "description": "Security & Authentication Tests",
      "success": false,
      "return_code": 1,
      "duration": "0.34s",
      "stdout": "",
      "stderr": "Traceback (most recent call last):\n  File \"E:\\Projects\\opt\\backend\\demo-test\\security_tests.py\", line 498, in <module>\n    exit(main())\n         ^^^^^^\n  File \"E:\\Projects\\opt\\backend\\demo-test\\security_tests.py\", line 493, in main\n    success = suite.run_all_security_tests()\n              ^^^^^^^^^^^^^^^^^^^^^^^^^^^^^^\n  File \"E:\\Projects\\opt\\backend\\demo-test\\security_tests.py\", line 426, in run_all_security_tests\n    print(\"\\U0001f510 Starting Comprehensive Security & Authentication Tests\")\n  File \"C:\\Users\\jdaco\\AppData\\Local\\Programs\\Python\\Python312\\Lib\\encodings\\cp1252.py\", line 19, in encode\n    return codecs.charmap_encode(input,self.errors,encoding_table)[0]\n           ^^^^^^^^^^^^^^^^^^^^^^^^^^^^^^^^^^^^^^^^^^^^^^^^^^^^^^^\nUnicodeEncodeError: 'charmap' codec can't encode character '\\U0001f510' in position 0: character maps to <undefined>\n",
      "timestamp": "2025-06-21T19:18:22.458091"
    },
    "performance": {
      "module": "performance",
      "description": "Performance & Load Tests",
      "success": false,
      "return_code": 1,
      "duration": "0.35s",
      "stdout": "",
      "stderr": "Traceback (most recent call last):\n  File \"E:\\Projects\\opt\\backend\\demo-test\\performance_tests.py\", line 486, in <module>\n    exit(main())\n         ^^^^^^\n  File \"E:\\Projects\\opt\\backend\\demo-test\\performance_tests.py\", line 481, in main\n    success = suite.run_all_performance_tests()\n              ^^^^^^^^^^^^^^^^^^^^^^^^^^^^^^^^^\n  File \"E:\\Projects\\opt\\backend\\demo-test\\performance_tests.py\", line 393, in run_all_performance_tests\n    print(\"\\U0001f680 Starting Comprehensive Performance & Load Tests\")\n  File \"C:\\Users\\jdaco\\AppData\\Local\\Programs\\Python\\Python312\\Lib\\encodings\\cp1252.py\", line 19, in encode\n    return codecs.charmap_encode(input,self.errors,encoding_table)[0]\n           ^^^^^^^^^^^^^^^^^^^^^^^^^^^^^^^^^^^^^^^^^^^^^^^^^^^^^^^\nUnicodeEncodeError: 'charmap' codec can't encode character '\\U0001f680' in position 0: character maps to <undefined>\n",
      "timestamp": "2025-06-21T19:18:32.811434"
    }
  },
  "report_files": [
    "comprehensive_test_report_20250620_225604.json",
    "comprehensive_test_report_20250620_230012.json",
    "comprehensive_test_report_20250620_230317.json",
    "comprehensive_test_report_20250620_231650.json",
    "comprehensive_test_report_20250621_185123.json",
    "comprehensive_test_report_20250621_190322.json",
    "comprehensive_test_report_20250621_190721.json",
    "comprehensive_test_report_20250621_191341.json",
    "comprehensive_test_report_20250621_191418.json",
    "performance_test_report_20250621_191553.json",
    "security_test_report_20250621_191601.json",
    "tool_test_report_20250621_191433.json",
    "adaptive_learning_test_results.json",
    "cache_manager_demo_results.json",
    "cache_test_results.json"
  ]
}